[35m[1mConsolidate compiler generated dependencies of target front_right_solo[0m
[ 33%] Built target imu
[ 44%] Built target central_controller
[ 66%] Built target front_right_servo_controller
[ 77%] [32mBuilding CXX object CMakeFiles/front_right_solo.dir/src/FrontRightSOLO.cpp.o[0m
[ 88%] [32mBuilding CXX object CMakeFiles/front_right_solo.dir/src/SOLOUno.cpp.o[0m
[01m[K/10march/SM-DSAP23-24/src/demo_leds/src/SOLOUno.cpp:4:10:[m[K [01;31m[Kfatal error: [m[KSOLOUno.h: No such file or directory
    4 | #include [01;31m[K<SOLOUno.h>[m[K
      |          [01;31m[K^~~~~~~~~~~[m[K
compilation terminated.
gmake[2]: *** [CMakeFiles/front_right_solo.dir/build.make:90: CMakeFiles/front_right_solo.dir/src/SOLOUno.cpp.o] Error 1
gmake[2]: *** Waiting for unfinished jobs....
[01m[K/10march/SM-DSAP23-24/src/demo_leds/src/FrontRightSOLO.cpp:[m[K In function â€˜[01m[Kint main(int, char**)[m[Kâ€™:
[01m[K/10march/SM-DSAP23-24/src/demo_leds/src/FrontRightSOLO.cpp:68:7:[m[K [01;35m[Kwarning: [m[Kunused variable â€˜[01m[Ktest[m[Kâ€™ [[01;35m[K]8;;https://gcc.gnu.org/onlinedocs/gcc/Warning-Options.html#index-Wunused-variable-Wunused-variable]8;;[m[K]
   68 |   int [01;35m[Ktest[m[K = SoloUno::staticTesting();
      |       [01;35m[K^~~~[m[K
gmake[1]: *** [CMakeFiles/Makefile2:221: CMakeFiles/front_right_solo.dir/all] Error 2
gmake: *** [Makefile:146: all] Error 2
