[0.027s] Invoking command in '/10march/SM-DSAP23-24/build/digital_architecture': CMAKE_PREFIX_PATH=${CMAKE_PREFIX_PATH}:/opt/ros/humble /usr/bin/cmake --build /10march/SM-DSAP23-24/build/digital_architecture -- -j24 -l24
[0.038s] -- Found ament_cmake: 1.3.5 (/opt/ros/humble/share/ament_cmake/cmake)
[0.107s] -- Found rclcpp: 16.0.6 (/opt/ros/humble/share/rclcpp/cmake)
[0.152s] -- Found rosidl_generator_c: 3.1.5 (/opt/ros/humble/share/rosidl_generator_c/cmake)
[0.153s] -- Found rosidl_adapter: 3.1.5 (/opt/ros/humble/share/rosidl_adapter/cmake)
[0.156s] -- Found rosidl_generator_cpp: 3.1.5 (/opt/ros/humble/share/rosidl_generator_cpp/cmake)
[0.162s] -- Using all available rosidl_typesupport_c: rosidl_typesupport_fastrtps_c;rosidl_typesupport_introspection_c
[0.169s] -- Using all available rosidl_typesupport_cpp: rosidl_typesupport_fastrtps_cpp;rosidl_typesupport_introspection_cpp
[0.199s] -- Found rmw_implementation_cmake: 6.1.1 (/opt/ros/humble/share/rmw_implementation_cmake/cmake)
[0.200s] -- Found rmw_fastrtps_cpp: 6.2.4 (/opt/ros/humble/share/rmw_fastrtps_cpp/cmake)
[1.630s] -- Using RMW implementation 'rmw_fastrtps_cpp' as default
[1.713s] -- Found ament_lint_auto: 0.12.8 (/opt/ros/humble/share/ament_lint_auto/cmake)
[1.745s] -- Added test 'cppcheck' to perform static code analysis on C / C++ code
[1.745s] -- Configured cppcheck include dirs: 
[1.745s] -- Configured cppcheck exclude dirs and/or files: 
[1.746s] -- Added test 'lint_cmake' to check CMake code style
[1.746s] -- Added test 'uncrustify' to check C / C++ code style
[1.746s] -- Configured uncrustify additional arguments: 
[1.746s] -- Added test 'xmllint' to check XML markup files
[1.746s] -- Configuring done
[1.754s] -- Generating done
[1.755s] -- Build files have been written to: /10march/SM-DSAP23-24/build/digital_architecture
[1.768s] [35m[1mConsolidate compiler generated dependencies of target central_controller[0m
[1.768s] [35m[1mConsolidate compiler generated dependencies of target front_right_servo_controller[0m
[1.768s] [35m[1mConsolidate compiler generated dependencies of target imu[0m
[1.768s] [35m[1mConsolidate compiler generated dependencies of target front_right_solo[0m
[1.773s] [ 55%] Built target imu
[1.774s] [ 77%] [32mBuilding CXX object CMakeFiles/front_right_solo.dir/src/SOLOUno.cpp.o[0m
[1.774s] [ 77%] Built target front_right_servo_controller
[1.774s] [ 77%] Built target central_controller
[1.962s] [01m[K/10march/SM-DSAP23-24/src/demo_leds/src/SOLOUno.cpp:21:7:[m[K [01;31m[Kerror: [m[Kredefinition of â€˜[01m[Kclass SoloUno[m[Kâ€™
[1.962s]    21 | class [01;31m[KSoloUno[m[K {
[1.962s]       |       [01;31m[K^~~~~~~[m[K
[1.962s] In file included from [01m[K/10march/SM-DSAP23-24/src/demo_leds/src/SOLOUno.cpp:4[m[K:
[1.962s] [01m[K/10march/SM-DSAP23-24/src/demo_leds/src/SOLOUno.h:13:7:[m[K [01;36m[Knote: [m[Kprevious definition of â€˜[01m[Kclass SoloUno[m[Kâ€™
[1.962s]    13 | class [01;36m[KSoloUno[m[K {
[1.962s]       |       [01;36m[K^~~~~~~[m[K
[1.993s] gmake[2]: *** [CMakeFiles/front_right_solo.dir/build.make:90: CMakeFiles/front_right_solo.dir/src/SOLOUno.cpp.o] Error 1
[1.993s] gmake[1]: *** [CMakeFiles/Makefile2:221: CMakeFiles/front_right_solo.dir/all] Error 2
[1.993s] gmake: *** [Makefile:146: all] Error 2
[1.994s] Invoked command in '/10march/SM-DSAP23-24/build/digital_architecture' returned '2': CMAKE_PREFIX_PATH=${CMAKE_PREFIX_PATH}:/opt/ros/humble /usr/bin/cmake --build /10march/SM-DSAP23-24/build/digital_architecture -- -j24 -l24
