[35m[1mConsolidate compiler generated dependencies of target front_right_solo[0m
[ 22%] Built target central_controller
[ 44%] Built target front_right_servo_controller
[ 66%] Built target imu
[ 77%] [32mBuilding CXX object CMakeFiles/front_right_solo.dir/src/FrontRightSOLO.cpp.o[0m
[01m[K/10march/SM-DSAP23-24/src/demo_leds/src/FrontRightSOLO.cpp:[m[K In function â€˜[01m[Kint main(int, char**)[m[Kâ€™:
[01m[K/10march/SM-DSAP23-24/src/demo_leds/src/FrontRightSOLO.cpp:68:14:[m[K [01;31m[Kerror: [m[Kâ€˜[01m[KstaticTesting[m[Kâ€™ was not declared in this scope
   68 |   int test = [01;31m[KstaticTesting[m[K();
      |              [01;31m[K^~~~~~~~~~~~~[m[K
[01m[K/10march/SM-DSAP23-24/src/demo_leds/src/FrontRightSOLO.cpp:68:7:[m[K [01;35m[Kwarning: [m[Kunused variable â€˜[01m[Ktest[m[Kâ€™ [[01;35m[K]8;;https://gcc.gnu.org/onlinedocs/gcc/Warning-Options.html#index-Wunused-variable-Wunused-variable]8;;[m[K]
   68 |   int [01;35m[Ktest[m[K = staticTesting();
      |       [01;35m[K^~~~[m[K
gmake[2]: *** [CMakeFiles/front_right_solo.dir/build.make:76: CMakeFiles/front_right_solo.dir/src/FrontRightSOLO.cpp.o] Error 1
gmake[1]: *** [CMakeFiles/Makefile2:221: CMakeFiles/front_right_solo.dir/all] Error 2
gmake: *** [Makefile:146: all] Error 2
