[0.068s] Invoking command in '/home/sysmodel/13feb/SM-DSAP23-24/build/digital_architecture': CMAKE_PREFIX_PATH=/opt/ros/humble /usr/bin/cmake --build /home/sysmodel/13feb/SM-DSAP23-24/build/digital_architecture -- -j8 -l8
[0.124s] [35m[1mConsolidate compiler generated dependencies of target central_controller[0m
[0.136s] [ 25%] Built target front_right_solo
[0.138s] [ 50%] Built target front_right_servo_controller
[0.143s] [ 75%] Built target imu
[0.143s] [ 87%] [32mBuilding CXX object CMakeFiles/central_controller.dir/src/CentralController.cpp.o[0m
[2.852s] In file included from [01m[K/opt/ros/humble/include/rclcpp/rclcpp/logging.hpp:24[m[K,
[2.852s]                  from [01m[K/opt/ros/humble/include/rclcpp/rclcpp/client.hpp:40[m[K,
[2.852s]                  from [01m[K/opt/ros/humble/include/rclcpp/rclcpp/callback_group.hpp:24[m[K,
[2.852s]                  from [01m[K/opt/ros/humble/include/rclcpp/rclcpp/any_executable.hpp:20[m[K,
[2.853s]                  from [01m[K/opt/ros/humble/include/rclcpp/rclcpp/memory_strategy.hpp:25[m[K,
[2.853s]                  from [01m[K/opt/ros/humble/include/rclcpp/rclcpp/memory_strategies.hpp:18[m[K,
[2.853s]                  from [01m[K/opt/ros/humble/include/rclcpp/rclcpp/executor_options.hpp:20[m[K,
[2.853s]                  from [01m[K/opt/ros/humble/include/rclcpp/rclcpp/executor.hpp:37[m[K,
[2.853s]                  from [01m[K/opt/ros/humble/include/rclcpp/rclcpp/executors/multi_threaded_executor.hpp:25[m[K,
[2.853s]                  from [01m[K/opt/ros/humble/include/rclcpp/rclcpp/executors.hpp:21[m[K,
[2.853s]                  from [01m[K/opt/ros/humble/include/rclcpp/rclcpp/rclcpp.hpp:155[m[K,
[2.853s]                  from [01m[K/home/sysmodel/13feb/SM-DSAP23-24/src/demo_leds/src/CentralController.cpp:8[m[K:
[2.853s] [01m[K/home/sysmodel/13feb/SM-DSAP23-24/src/demo_leds/src/CentralController.cpp:[m[K In member function â€˜[01m[Kvoid CentralController::timer_callback()[m[Kâ€™:
[2.853s] [01m[K/home/sysmodel/13feb/SM-DSAP23-24/src/demo_leds/src/CentralController.cpp:48:65:[m[K [01;31m[Kerror: [m[Krequest for member â€˜[01m[Kc_str[m[Kâ€™ in â€˜[01m[Ktest()[m[Kâ€™, which is of non-class type â€˜[01m[Kint[m[Kâ€™
[2.853s]    48 |         RCLCPP_INFO(this->get_logger(), "testing: '%s'", test().[01;31m[Kc_str[m[K());
[2.854s]       |                                                                 [01;31m[K^~~~~[m[K
[5.665s] gmake[2]: *** [CMakeFiles/central_controller.dir/build.make:76: CMakeFiles/central_controller.dir/src/CentralController.cpp.o] Error 1
[5.665s] gmake[1]: *** [CMakeFiles/Makefile2:169: CMakeFiles/central_controller.dir/all] Error 2
[5.665s] gmake: *** [Makefile:146: all] Error 2
[5.667s] Invoked command in '/home/sysmodel/13feb/SM-DSAP23-24/build/digital_architecture' returned '2': CMAKE_PREFIX_PATH=/opt/ros/humble /usr/bin/cmake --build /home/sysmodel/13feb/SM-DSAP23-24/build/digital_architecture -- -j8 -l8
