[0.027s] Invoking command in '/10march/SM-DSAP23-24/build/digital_architecture': CMAKE_PREFIX_PATH=${CMAKE_PREFIX_PATH}:/opt/ros/humble /usr/bin/cmake --build /10march/SM-DSAP23-24/build/digital_architecture -- -j24 -l24
[0.045s] [35m[1mConsolidate compiler generated dependencies of target front_right_solo[0m
[0.048s] [ 44%] Built target imu
[0.049s] [ 44%] Built target central_controller
[0.050s] [ 66%] Built target front_right_servo_controller
[0.051s] [ 77%] [32mBuilding CXX object CMakeFiles/front_right_solo.dir/src/FrontRightSOLO.cpp.o[0m
[0.051s] [ 88%] [32mBuilding CXX object CMakeFiles/front_right_solo.dir/src/SOLOUno.cpp.o[0m
[0.081s] [01m[K/10march/SM-DSAP23-24/src/demo_leds/src/SOLOUno.cpp:4:10:[m[K [01;31m[Kfatal error: [m[KSOLOUno.h: No such file or directory
[0.082s]     4 | #include [01;31m[K<SOLOUno.h>[m[K
[0.082s]       |          [01;31m[K^~~~~~~~~~~[m[K
[0.082s] compilation terminated.
[0.082s] gmake[2]: *** [CMakeFiles/front_right_solo.dir/build.make:90: CMakeFiles/front_right_solo.dir/src/SOLOUno.cpp.o] Error 1
[0.082s] gmake[2]: *** Waiting for unfinished jobs....
[1.154s] [01m[K/10march/SM-DSAP23-24/src/demo_leds/src/FrontRightSOLO.cpp:[m[K In function â€˜[01m[Kint main(int, char**)[m[Kâ€™:
[1.155s] [01m[K/10march/SM-DSAP23-24/src/demo_leds/src/FrontRightSOLO.cpp:68:7:[m[K [01;35m[Kwarning: [m[Kunused variable â€˜[01m[Ktest[m[Kâ€™ [[01;35m[K]8;;https://gcc.gnu.org/onlinedocs/gcc/Warning-Options.html#index-Wunused-variable-Wunused-variable]8;;[m[K]
[1.155s]    68 |   int [01;35m[Ktest[m[K = SoloUno::staticTesting();
[1.155s]       |       [01;35m[K^~~~[m[K
[4.124s] gmake[1]: *** [CMakeFiles/Makefile2:221: CMakeFiles/front_right_solo.dir/all] Error 2
[4.124s] gmake: *** [Makefile:146: all] Error 2
[4.125s] Invoked command in '/10march/SM-DSAP23-24/build/digital_architecture' returned '2': CMAKE_PREFIX_PATH=${CMAKE_PREFIX_PATH}:/opt/ros/humble /usr/bin/cmake --build /10march/SM-DSAP23-24/build/digital_architecture -- -j24 -l24
