[0.068s] Invoking command in '/home/sysmodel/13feb/SM-DSAP23-24/build/digital_architecture': CMAKE_PREFIX_PATH=/opt/ros/humble /usr/bin/cmake --build /home/sysmodel/13feb/SM-DSAP23-24/build/digital_architecture -- -j8 -l8
[0.111s] [35m[1mConsolidate compiler generated dependencies of target central_controller[0m
[0.124s] [ 75%] Built target front_right_servo_controller
[0.125s] [ 75%] Built target imu
[0.125s] [ 75%] Built target front_right_solo
[0.129s] [ 87%] [32mBuilding CXX object CMakeFiles/central_controller.dir/src/CentralController.cpp.o[0m
[2.769s] In file included from [01m[K/home/sysmodel/13feb/SM-DSAP23-24/src/demo_leds/src/CentralController.cpp:10[m[K:
[2.769s] [01m[K/home/sysmodel/13feb/SM-DSAP23-24/src/demo_leds/src/serial_testing.cpp:[m[K In function â€˜[01m[Kint main()[m[Kâ€™:
[2.769s] [01m[K/home/sysmodel/13feb/SM-DSAP23-24/src/demo_leds/src/serial_testing.cpp:73:26:[m[K [01;35m[Kwarning: [m[Koverflow in conversion from â€˜[01m[Kint[m[Kâ€™ to â€˜[01m[Kchar[m[Kâ€™ changes value from â€˜[01m[K255[m[Kâ€™ to â€˜[01m[K'\37777777777'[m[Kâ€™ [[01;35m[K]8;;https://gcc.gnu.org/onlinedocs/gcc/Warning-Options.html#index-Woverflow-Woverflow]8;;[m[K]
[2.769s]    73 |         char data_byte = [01;35m[K0xFF[m[K;
[2.769s]       |                          [01;35m[K^~~~[m[K
[2.769s] [01m[K/home/sysmodel/13feb/SM-DSAP23-24/src/demo_leds/src/serial_testing.cpp:79:21:[m[K [01;35m[Kwarning: [m[Koverflow in conversion from â€˜[01m[Kint[m[Kâ€™ to â€˜[01m[Kchar[m[Kâ€™ changes value from â€˜[01m[K255[m[Kâ€™ to â€˜[01m[K'\37777777777'[m[Kâ€™ [[01;35m[K]8;;https://gcc.gnu.org/onlinedocs/gcc/Warning-Options.html#index-Woverflow-Woverflow]8;;[m[K]
[2.769s]    79 |         data_byte = [01;35m[K0xFF[m[K;
[2.769s]       |                     [01;35m[K^~~~[m[K
[2.770s] [01m[K/home/sysmodel/13feb/SM-DSAP23-24/src/demo_leds/src/serial_testing.cpp:127:21:[m[K [01;35m[Kwarning: [m[Koverflow in conversion from â€˜[01m[Kint[m[Kâ€™ to â€˜[01m[Kchar[m[Kâ€™ changes value from â€˜[01m[K254[m[Kâ€™ to â€˜[01m[K'\37777777776'[m[Kâ€™ [[01;35m[K]8;;https://gcc.gnu.org/onlinedocs/gcc/Warning-Options.html#index-Woverflow-Woverflow]8;;[m[K]
[2.770s]   127 |         data_byte = [01;35m[K0xFE[m[K;
[2.770s]       |                     [01;35m[K^~~~[m[K
[2.843s] In file included from [01m[K/opt/ros/humble/include/rclcpp/rclcpp/logging.hpp:24[m[K,
[2.843s]                  from [01m[K/opt/ros/humble/include/rclcpp/rclcpp/client.hpp:40[m[K,
[2.843s]                  from [01m[K/opt/ros/humble/include/rclcpp/rclcpp/callback_group.hpp:24[m[K,
[2.843s]                  from [01m[K/opt/ros/humble/include/rclcpp/rclcpp/any_executable.hpp:20[m[K,
[2.843s]                  from [01m[K/opt/ros/humble/include/rclcpp/rclcpp/memory_strategy.hpp:25[m[K,
[2.843s]                  from [01m[K/opt/ros/humble/include/rclcpp/rclcpp/memory_strategies.hpp:18[m[K,
[2.844s]                  from [01m[K/opt/ros/humble/include/rclcpp/rclcpp/executor_options.hpp:20[m[K,
[2.844s]                  from [01m[K/opt/ros/humble/include/rclcpp/rclcpp/executor.hpp:37[m[K,
[2.844s]                  from [01m[K/opt/ros/humble/include/rclcpp/rclcpp/executors/multi_threaded_executor.hpp:25[m[K,
[2.844s]                  from [01m[K/opt/ros/humble/include/rclcpp/rclcpp/executors.hpp:21[m[K,
[2.844s]                  from [01m[K/opt/ros/humble/include/rclcpp/rclcpp/rclcpp.hpp:155[m[K,
[2.844s]                  from [01m[K/home/sysmodel/13feb/SM-DSAP23-24/src/demo_leds/src/CentralController.cpp:8[m[K:
[2.844s] [01m[K/home/sysmodel/13feb/SM-DSAP23-24/src/demo_leds/src/CentralController.cpp:[m[K In member function â€˜[01m[Kvoid CentralController::timer_callback()[m[Kâ€™:
[2.844s] [01m[K/home/sysmodel/13feb/SM-DSAP23-24/src/demo_leds/src/CentralController.cpp:48:65:[m[K [01;31m[Kerror: [m[Krequest for member â€˜[01m[Kc_str[m[Kâ€™ in â€˜[01m[Ktest()[m[Kâ€™, which is of non-class type â€˜[01m[Kint[m[Kâ€™
[2.844s]    48 |         RCLCPP_INFO(this->get_logger(), "testing: '%s'", test().[01;31m[Kc_str[m[K());
[2.844s]       |                                                                 [01;31m[K^~~~~[m[K
[2.847s] [01m[K/home/sysmodel/13feb/SM-DSAP23-24/src/demo_leds/src/CentralController.cpp:[m[K At global scope:
[2.847s] [01m[K/home/sysmodel/13feb/SM-DSAP23-24/src/demo_leds/src/CentralController.cpp:118:5:[m[K [01;31m[Kerror: [m[Kconflicting declaration of C function â€˜[01m[Kint main(int, char**)[m[Kâ€™
[2.847s]   118 | int [01;31m[Kmain[m[K(int argc, char * argv[])
[2.847s]       |     [01;31m[K^~~~[m[K
[2.847s] In file included from [01m[K/home/sysmodel/13feb/SM-DSAP23-24/src/demo_leds/src/CentralController.cpp:10[m[K:
[2.847s] [01m[K/home/sysmodel/13feb/SM-DSAP23-24/src/demo_leds/src/serial_testing.cpp:28:5:[m[K [01;36m[Knote: [m[Kprevious declaration â€˜[01m[Kint main()[m[Kâ€™
[2.847s]    28 | int [01;36m[Kmain[m[K()
[2.847s]       |     [01;36m[K^~~~[m[K
[5.647s] gmake[2]: *** [CMakeFiles/central_controller.dir/build.make:76: CMakeFiles/central_controller.dir/src/CentralController.cpp.o] Error 1
[5.648s] gmake[1]: *** [CMakeFiles/Makefile2:169: CMakeFiles/central_controller.dir/all] Error 2
[5.648s] gmake: *** [Makefile:146: all] Error 2
[5.651s] Invoked command in '/home/sysmodel/13feb/SM-DSAP23-24/build/digital_architecture' returned '2': CMAKE_PREFIX_PATH=/opt/ros/humble /usr/bin/cmake --build /home/sysmodel/13feb/SM-DSAP23-24/build/digital_architecture -- -j8 -l8
