[0.029s] Invoking command in '/10march/SM-DSAP23-24/build/digital_architecture': CMAKE_PREFIX_PATH=${CMAKE_PREFIX_PATH}:/opt/ros/humble /usr/bin/cmake --build /10march/SM-DSAP23-24/build/digital_architecture -- -j24 -l24
[0.039s] -- Found ament_cmake: 1.3.5 (/opt/ros/humble/share/ament_cmake/cmake)
[0.109s] -- Found rclcpp: 16.0.6 (/opt/ros/humble/share/rclcpp/cmake)
[0.162s] -- Found rosidl_generator_c: 3.1.5 (/opt/ros/humble/share/rosidl_generator_c/cmake)
[0.163s] -- Found rosidl_adapter: 3.1.5 (/opt/ros/humble/share/rosidl_adapter/cmake)
[0.166s] -- Found rosidl_generator_cpp: 3.1.5 (/opt/ros/humble/share/rosidl_generator_cpp/cmake)
[0.171s] -- Using all available rosidl_typesupport_c: rosidl_typesupport_fastrtps_c;rosidl_typesupport_introspection_c
[0.179s] -- Using all available rosidl_typesupport_cpp: rosidl_typesupport_fastrtps_cpp;rosidl_typesupport_introspection_cpp
[0.208s] -- Found rmw_implementation_cmake: 6.1.1 (/opt/ros/humble/share/rmw_implementation_cmake/cmake)
[0.209s] -- Found rmw_fastrtps_cpp: 6.2.4 (/opt/ros/humble/share/rmw_fastrtps_cpp/cmake)
[1.669s] -- Using RMW implementation 'rmw_fastrtps_cpp' as default
[1.751s] -- Found ament_lint_auto: 0.12.8 (/opt/ros/humble/share/ament_lint_auto/cmake)
[1.783s] -- Added test 'cppcheck' to perform static code analysis on C / C++ code
[1.783s] -- Configured cppcheck include dirs: 
[1.783s] -- Configured cppcheck exclude dirs and/or files: 
[1.783s] -- Added test 'lint_cmake' to check CMake code style
[1.784s] -- Added test 'uncrustify' to check C / C++ code style
[1.784s] -- Configured uncrustify additional arguments: 
[1.784s] -- Added test 'xmllint' to check XML markup files
[1.784s] -- Configuring done
[1.792s] -- Generating done
[1.793s] -- Build files have been written to: /10march/SM-DSAP23-24/build/digital_architecture
[1.807s] [35m[1mConsolidate compiler generated dependencies of target front_right_servo_controller[0m
[1.807s] [35m[1mConsolidate compiler generated dependencies of target central_controller[0m
[1.807s] [35m[1mConsolidate compiler generated dependencies of target imu[0m
[1.807s] [35m[1mConsolidate compiler generated dependencies of target front_right_solo[0m
[1.812s] [ 50%] Built target front_right_servo_controller
[1.812s] [ 75%] Built target imu
[1.812s] [ 87%] Built target central_controller
[1.812s] [ 75%] [32m[1mLinking CXX executable front_right_solo[0m
[1.989s] /usr/bin/ld: CMakeFiles/front_right_solo.dir/src/FrontRightSOLO.cpp.o: in function `main':
[1.989s] FrontRightSOLO.cpp:(.text+0x96): undefined reference to `SoloUno::staticTesting()'
[2.005s] collect2: error: ld returned 1 exit status
[2.006s] gmake[2]: *** [CMakeFiles/front_right_solo.dir/build.make:159: front_right_solo] Error 1
[2.006s] gmake[1]: *** [CMakeFiles/Makefile2:221: CMakeFiles/front_right_solo.dir/all] Error 2
[2.006s] gmake: *** [Makefile:146: all] Error 2
[2.007s] Invoked command in '/10march/SM-DSAP23-24/build/digital_architecture' returned '2': CMAKE_PREFIX_PATH=${CMAKE_PREFIX_PATH}:/opt/ros/humble /usr/bin/cmake --build /10march/SM-DSAP23-24/build/digital_architecture -- -j24 -l24
