In file included from [01m[K/home/sysmodel/13feb/SM-DSAP23-24/src/demo_leds/src/CentralController.cpp:10[m[K:
[01m[K/home/sysmodel/13feb/SM-DSAP23-24/src/demo_leds/src/serial_testing.cpp:[m[K In function â€˜[01m[Kstd::string test()[m[Kâ€™:
[01m[K/home/sysmodel/13feb/SM-DSAP23-24/src/demo_leds/src/serial_testing.cpp:20:5:[m[K [01;31m[Kerror: [m[Kâ€˜[01m[KSerialPort[m[Kâ€™ was not declared in this scope; did you mean â€˜[01m[KLibSerial::SerialPort[m[Kâ€™?
   20 |     [01;31m[KSerialPort[m[K serial_port ;
      |     [01;31m[K^~~~~~~~~~[m[K
      |     [32m[KLibSerial::SerialPort[m[K
In file included from [01m[K/home/sysmodel/13feb/SM-DSAP23-24/src/demo_leds/src/serial_testing.cpp:2[m[K,
                 from [01m[K/home/sysmodel/13feb/SM-DSAP23-24/src/demo_leds/src/CentralController.cpp:10[m[K:
[01m[K/usr/include/libserial/SerialPort.h:55:11:[m[K [01;36m[Knote: [m[Kâ€˜[01m[KLibSerial::SerialPort[m[Kâ€™ declared here
   55 |     class [01;36m[KSerialPort[m[K
      |           [01;36m[K^~~~~~~~~~[m[K
gmake[2]: *** [CMakeFiles/central_controller.dir/build.make:76: CMakeFiles/central_controller.dir/src/CentralController.cpp.o] Error 1
gmake[1]: *** [CMakeFiles/Makefile2:169: CMakeFiles/central_controller.dir/all] Error 2
gmake: *** [Makefile:146: all] Error 2
