[0.086s] Invoking command in '/home/sysmodel/13feb/SM-DSAP23-24/build/digital_architecture': CMAKE_PREFIX_PATH=${CMAKE_PREFIX_PATH}:/opt/ros/humble /usr/bin/cmake --build /home/sysmodel/13feb/SM-DSAP23-24/build/digital_architecture -- -j8 -l8
[0.137s] [35m[1mConsolidate compiler generated dependencies of target central_controller[0m
[0.148s] [ 25%] Built target front_right_solo
[0.150s] [ 62%] Built target front_right_servo_controller
[0.150s] [ 75%] Built target imu
[0.156s] [ 87%] [32mBuilding CXX object CMakeFiles/central_controller.dir/src/CentralController.cpp.o[0m
[2.817s] In file included from [01m[K/home/sysmodel/13feb/SM-DSAP23-24/src/demo_leds/src/CentralController.cpp:10[m[K:
[2.817s] [01m[K/home/sysmodel/13feb/SM-DSAP23-24/src/demo_leds/src/serial_testing.cpp:[m[K In function â€˜[01m[Kstd::string test()[m[Kâ€™:
[2.817s] [01m[K/home/sysmodel/13feb/SM-DSAP23-24/src/demo_leds/src/serial_testing.cpp:20:5:[m[K [01;31m[Kerror: [m[Kâ€˜[01m[KSerialPort[m[Kâ€™ was not declared in this scope; did you mean â€˜[01m[KLibSerial::SerialPort[m[Kâ€™?
[2.817s]    20 |     [01;31m[KSerialPort[m[K serial_port ;
[2.817s]       |     [01;31m[K^~~~~~~~~~[m[K
[2.817s]       |     [32m[KLibSerial::SerialPort[m[K
[2.817s] In file included from [01m[K/home/sysmodel/13feb/SM-DSAP23-24/src/demo_leds/src/serial_testing.cpp:2[m[K,
[2.817s]                  from [01m[K/home/sysmodel/13feb/SM-DSAP23-24/src/demo_leds/src/CentralController.cpp:10[m[K:
[2.817s] [01m[K/usr/include/libserial/SerialPort.h:55:11:[m[K [01;36m[Knote: [m[Kâ€˜[01m[KLibSerial::SerialPort[m[Kâ€™ declared here
[2.818s]    55 |     class [01;36m[KSerialPort[m[K
[2.818s]       |           [01;36m[K^~~~~~~~~~[m[K
[5.706s] gmake[2]: *** [CMakeFiles/central_controller.dir/build.make:76: CMakeFiles/central_controller.dir/src/CentralController.cpp.o] Error 1
[5.707s] gmake[1]: *** [CMakeFiles/Makefile2:169: CMakeFiles/central_controller.dir/all] Error 2
[5.707s] gmake: *** [Makefile:146: all] Error 2
[5.709s] Invoked command in '/home/sysmodel/13feb/SM-DSAP23-24/build/digital_architecture' returned '2': CMAKE_PREFIX_PATH=${CMAKE_PREFIX_PATH}:/opt/ros/humble /usr/bin/cmake --build /home/sysmodel/13feb/SM-DSAP23-24/build/digital_architecture -- -j8 -l8
