[0.027s] Invoking command in '/10march/SM-DSAP23-24/build/digital_architecture': CMAKE_PREFIX_PATH=${CMAKE_PREFIX_PATH}:/opt/ros/humble /usr/bin/cmake --build /10march/SM-DSAP23-24/build/digital_architecture -- -j24 -l24
[0.045s] [35m[1mConsolidate compiler generated dependencies of target front_right_solo[0m
[0.048s] [ 22%] Built target imu
[0.048s] [ 44%] Built target central_controller
[0.048s] [ 66%] Built target front_right_servo_controller
[0.052s] [ 77%] [32mBuilding CXX object CMakeFiles/front_right_solo.dir/src/FrontRightSOLO.cpp.o[0m
[1.151s] In file included from [01m[K/opt/ros/humble/include/rclcpp/rclcpp/client.hpp:40[m[K,
[1.151s]                  from [01m[K/opt/ros/humble/include/rclcpp/rclcpp/callback_group.hpp:24[m[K,
[1.151s]                  from [01m[K/opt/ros/humble/include/rclcpp/rclcpp/any_executable.hpp:20[m[K,
[1.151s]                  from [01m[K/opt/ros/humble/include/rclcpp/rclcpp/memory_strategy.hpp:25[m[K,
[1.151s]                  from [01m[K/opt/ros/humble/include/rclcpp/rclcpp/memory_strategies.hpp:18[m[K,
[1.151s]                  from [01m[K/opt/ros/humble/include/rclcpp/rclcpp/executor_options.hpp:20[m[K,
[1.151s]                  from [01m[K/opt/ros/humble/include/rclcpp/rclcpp/executor.hpp:37[m[K,
[1.151s]                  from [01m[K/opt/ros/humble/include/rclcpp/rclcpp/executors/multi_threaded_executor.hpp:25[m[K,
[1.151s]                  from [01m[K/opt/ros/humble/include/rclcpp/rclcpp/executors.hpp:21[m[K,
[1.151s]                  from [01m[K/opt/ros/humble/include/rclcpp/rclcpp/rclcpp.hpp:155[m[K,
[1.151s]                  from [01m[K/10march/SM-DSAP23-24/src/demo_leds/src/FrontRightSOLO.cpp:8[m[K:
[1.151s] [01m[K/10march/SM-DSAP23-24/src/demo_leds/src/FrontRightSOLO.cpp:[m[K In function â€˜[01m[Kint main(int, char**)[m[Kâ€™:
[1.151s] [01m[K/10march/SM-DSAP23-24/src/demo_leds/src/FrontRightSOLO.cpp:68:15:[m[K [01;31m[Kerror: [m[Kinvalid use of â€˜[01m[Kthis[m[Kâ€™ in non-member function
[1.151s]    68 |   RCLCPP_INFO([01;31m[Kthis[m[K->get_logger(), "Received torque command: '%f'", SOLOUno::SolostaticTesting());
[1.151s]       |               [01;31m[K^~~~[m[K
[1.151s] [01m[K/10march/SM-DSAP23-24/src/demo_leds/src/FrontRightSOLO.cpp:68:15:[m[K [01;31m[Kerror: [m[Kinvalid use of â€˜[01m[Kthis[m[Kâ€™ in non-member function
[1.151s] [01m[K/10march/SM-DSAP23-24/src/demo_leds/src/FrontRightSOLO.cpp:68:3:[m[K [01;31m[Kerror: [m[Ktemplate argument 1 is invalid
[1.151s]    68 |   [01;31m[KRCLCPP_INFO[m[K(this->get_logger(), "Received torque command: '%f'", SOLOUno::SolostaticTesting());
[1.151s]       |   [01;31m[K^~~~~~~~~~~[m[K
[1.151s] [01m[K/10march/SM-DSAP23-24/src/demo_leds/src/FrontRightSOLO.cpp:68:3:[m[K [01;31m[Kerror: [m[Kâ€˜[01m[K<declaration error>[m[Kâ€™ is not a template [[01;31m[K]8;;https://gcc.gnu.org/onlinedocs/gcc/Warning-Options.html#index-fpermissive-fpermissive]8;;[m[K]
[1.151s]    68 |   [01;31m[KRCLCPP_INFO[m[K(this->get_logger(), "Received torque command: '%f'", SOLOUno::SolostaticTesting());
[1.151s]       |   [01;31m[K^~~~~~~~~~~[m[K
[1.151s] [01m[K/10march/SM-DSAP23-24/src/demo_leds/src/FrontRightSOLO.cpp:68:3:[m[K [01;31m[Kerror: [m[Ktemplate argument 1 is invalid
[1.151s]    68 |   [01;31m[KRCLCPP_INFO[m[K(this->get_logger(), "Received torque command: '%f'", SOLOUno::SolostaticTesting());
[1.151s]       |   [01;31m[K^~~~~~~~~~~[m[K
[1.151s] [01m[K/10march/SM-DSAP23-24/src/demo_leds/src/FrontRightSOLO.cpp:68:3:[m[K [01;31m[Kerror: [m[Kâ€˜[01m[K<declaration error>[m[Kâ€™ is not a template [[01;31m[K]8;;https://gcc.gnu.org/onlinedocs/gcc/Warning-Options.html#index-fpermissive-fpermissive]8;;[m[K]
[1.151s]    68 |   [01;31m[KRCLCPP_INFO[m[K(this->get_logger(), "Received torque command: '%f'", SOLOUno::SolostaticTesting());
[1.151s]       |   [01;31m[K^~~~~~~~~~~[m[K
[1.151s] [01m[K/10march/SM-DSAP23-24/src/demo_leds/src/FrontRightSOLO.cpp:68:3:[m[K [01;31m[Kerror: [m[Ktemplate argument 1 is invalid
[1.151s]    68 |   [01;31m[KRCLCPP_INFO[m[K(this->get_logger(), "Received torque command: '%f'", SOLOUno::SolostaticTesting());
[1.151s]       |   [01;31m[K^~~~~~~~~~~[m[K
[1.151s] In file included from [01m[K/opt/ros/humble/include/rclcpp/rclcpp/logging.hpp:24[m[K,
[1.151s]                  from [01m[K/opt/ros/humble/include/rclcpp/rclcpp/client.hpp:40[m[K,
[1.151s]                  from [01m[K/opt/ros/humble/include/rclcpp/rclcpp/callback_group.hpp:24[m[K,
[1.151s]                  from [01m[K/opt/ros/humble/include/rclcpp/rclcpp/any_executable.hpp:20[m[K,
[1.151s]                  from [01m[K/opt/ros/humble/include/rclcpp/rclcpp/memory_strategy.hpp:25[m[K,
[1.151s]                  from [01m[K/opt/ros/humble/include/rclcpp/rclcpp/memory_strategies.hpp:18[m[K,
[1.151s]                  from [01m[K/opt/ros/humble/include/rclcpp/rclcpp/executor_options.hpp:20[m[K,
[1.151s]                  from [01m[K/opt/ros/humble/include/rclcpp/rclcpp/executor.hpp:37[m[K,
[1.151s]                  from [01m[K/opt/ros/humble/include/rclcpp/rclcpp/executors/multi_threaded_executor.hpp:25[m[K,
[1.152s]                  from [01m[K/opt/ros/humble/include/rclcpp/rclcpp/executors.hpp:21[m[K,
[1.152s]                  from [01m[K/opt/ros/humble/include/rclcpp/rclcpp/rclcpp.hpp:155[m[K,
[1.152s]                  from [01m[K/10march/SM-DSAP23-24/src/demo_leds/src/FrontRightSOLO.cpp:8[m[K:
[1.152s] [01m[K/10march/SM-DSAP23-24/src/demo_leds/src/FrontRightSOLO.cpp:68:15:[m[K [01;31m[Kerror: [m[Kinvalid use of â€˜[01m[Kthis[m[Kâ€™ in non-member function
[1.152s]    68 |   RCLCPP_INFO([01;31m[Kthis[m[K->get_logger(), "Received torque command: '%f'", SOLOUno::SolostaticTesting());
[1.152s]       |               [01;31m[K^~~~[m[K
[1.152s] [01m[K/10march/SM-DSAP23-24/src/demo_leds/src/FrontRightSOLO.cpp:68:15:[m[K [01;31m[Kerror: [m[Kinvalid use of â€˜[01m[Kthis[m[Kâ€™ in non-member function
[1.152s]    68 |   RCLCPP_INFO([01;31m[Kthis[m[K->get_logger(), "Received torque command: '%f'", SOLOUno::SolostaticTesting());
[1.152s]       |               [01;31m[K^~~~[m[K
[1.152s] [01m[K/10march/SM-DSAP23-24/src/demo_leds/src/FrontRightSOLO.cpp:68:68:[m[K [01;31m[Kerror: [m[Kâ€˜[01m[KSOLOUno[m[Kâ€™ has not been declared
[1.152s]    68 |   RCLCPP_INFO(this->get_logger(), "Received torque command: '%f'", [01;31m[KSOLOUno[m[K::SolostaticTesting());
[1.152s]       |                                                                    [01;31m[K^~~~~~~[m[K
[2.407s] gmake[2]: *** [CMakeFiles/front_right_solo.dir/build.make:76: CMakeFiles/front_right_solo.dir/src/FrontRightSOLO.cpp.o] Error 1
[2.408s] gmake[1]: *** [CMakeFiles/Makefile2:221: CMakeFiles/front_right_solo.dir/all] Error 2
[2.408s] gmake: *** [Makefile:146: all] Error 2
[2.410s] Invoked command in '/10march/SM-DSAP23-24/build/digital_architecture' returned '2': CMAKE_PREFIX_PATH=${CMAKE_PREFIX_PATH}:/opt/ros/humble /usr/bin/cmake --build /10march/SM-DSAP23-24/build/digital_architecture -- -j24 -l24
