/usr/bin/ld: CMakeFiles/front_right_solo.dir/src/FrontRightSOLO.cpp.o: in function `main':
FrontRightSOLO.cpp:(.text+0x96): undefined reference to `SoloUno::staticTesting()'
collect2: error: ld returned 1 exit status
gmake[2]: *** [CMakeFiles/front_right_solo.dir/build.make:159: front_right_solo] Error 1
gmake[1]: *** [CMakeFiles/Makefile2:221: CMakeFiles/front_right_solo.dir/all] Error 2
gmake: *** [Makefile:146: all] Error 2
