-- Found ament_cmake: 1.3.5 (/opt/ros/humble/share/ament_cmake/cmake)
-- Found rclcpp: 16.0.6 (/opt/ros/humble/share/rclcpp/cmake)
-- Found rosidl_generator_c: 3.1.5 (/opt/ros/humble/share/rosidl_generator_c/cmake)
-- Found rosidl_adapter: 3.1.5 (/opt/ros/humble/share/rosidl_adapter/cmake)
-- Found rosidl_generator_cpp: 3.1.5 (/opt/ros/humble/share/rosidl_generator_cpp/cmake)
-- Using all available rosidl_typesupport_c: rosidl_typesupport_fastrtps_c;rosidl_typesupport_introspection_c
-- Using all available rosidl_typesupport_cpp: rosidl_typesupport_fastrtps_cpp;rosidl_typesupport_introspection_cpp
-- Found rmw_implementation_cmake: 6.1.1 (/opt/ros/humble/share/rmw_implementation_cmake/cmake)
-- Found rmw_fastrtps_cpp: 6.2.4 (/opt/ros/humble/share/rmw_fastrtps_cpp/cmake)
-- Using RMW implementation 'rmw_fastrtps_cpp' as default
-- Found ament_lint_auto: 0.12.8 (/opt/ros/humble/share/ament_lint_auto/cmake)
-- Added test 'cppcheck' to perform static code analysis on C / C++ code
-- Configured cppcheck include dirs: 
-- Configured cppcheck exclude dirs and/or files: 
-- Added test 'lint_cmake' to check CMake code style
-- Added test 'uncrustify' to check C / C++ code style
-- Configured uncrustify additional arguments: 
-- Added test 'xmllint' to check XML markup files
-- Configuring done
-- Generating done
-- Build files have been written to: /10march/SM-DSAP23-24/build/digital_architecture
[35m[1mConsolidate compiler generated dependencies of target imu[0m
[35m[1mConsolidate compiler generated dependencies of target central_controller[0m
[35m[1mConsolidate compiler generated dependencies of target front_right_servo_controller[0m
[35m[1mConsolidate compiler generated dependencies of target front_right_solo[0m
[ 25%] Built target central_controller
[ 50%] [32m[1mLinking CXX executable front_right_solo[0m
[ 62%] Built target front_right_servo_controller
[ 87%] Built target imu
/usr/bin/ld: CMakeFiles/front_right_solo.dir/src/FrontRightSOLO.cpp.o: in function `main':
FrontRightSOLO.cpp:(.text+0x96): undefined reference to `SoloUno::staticTesting()'
collect2: error: ld returned 1 exit status
gmake[2]: *** [CMakeFiles/front_right_solo.dir/build.make:159: front_right_solo] Error 1
gmake[1]: *** [CMakeFiles/Makefile2:221: CMakeFiles/front_right_solo.dir/all] Error 2
gmake: *** [Makefile:146: all] Error 2
