[0.028s] Invoking command in '/10march/SM-DSAP23-24/build/digital_architecture': CMAKE_PREFIX_PATH=${CMAKE_PREFIX_PATH}:/opt/ros/humble /usr/bin/cmake --build /10march/SM-DSAP23-24/build/digital_architecture -- -j24 -l24
[0.048s] [35m[1mConsolidate compiler generated dependencies of target front_right_solo[0m
[0.051s] [ 22%] Built target imu
[0.051s] [ 44%] Built target front_right_servo_controller
[0.051s] [ 66%] Built target central_controller
[0.054s] [ 77%] [32mBuilding CXX object CMakeFiles/front_right_solo.dir/src/FrontRightSOLO.cpp.o[0m
[0.055s] [ 88%] [32mBuilding CXX object CMakeFiles/front_right_solo.dir/src/SOLOUno.cpp.o[0m
[0.250s] [01m[K/10march/SM-DSAP23-24/src/demo_leds/src/SOLOUno.cpp:21:7:[m[K [01;31m[Kerror: [m[Kredefinition of â€˜[01m[Kclass SoloUno[m[Kâ€™
[0.250s]    21 | class [01;31m[KSoloUno[m[K {
[0.250s]       |       [01;31m[K^~~~~~~[m[K
[0.250s] In file included from [01m[K/10march/SM-DSAP23-24/src/demo_leds/src/SOLOUno.cpp:4[m[K:
[0.250s] [01m[K/10march/SM-DSAP23-24/src/demo_leds/src/SOLOUno.h:13:7:[m[K [01;36m[Knote: [m[Kprevious definition of â€˜[01m[Kclass SoloUno[m[Kâ€™
[0.250s]    13 | class [01;36m[KSoloUno[m[K {
[0.250s]       |       [01;36m[K^~~~~~~[m[K
[0.283s] gmake[2]: *** [CMakeFiles/front_right_solo.dir/build.make:90: CMakeFiles/front_right_solo.dir/src/SOLOUno.cpp.o] Error 1
[0.283s] gmake[2]: *** Waiting for unfinished jobs....
[1.156s] [01m[K/10march/SM-DSAP23-24/src/demo_leds/src/FrontRightSOLO.cpp:[m[K In function â€˜[01m[Kint main(int, char**)[m[Kâ€™:
[1.156s] [01m[K/10march/SM-DSAP23-24/src/demo_leds/src/FrontRightSOLO.cpp:68:7:[m[K [01;35m[Kwarning: [m[Kunused variable â€˜[01m[Ktest[m[Kâ€™ [[01;35m[K]8;;https://gcc.gnu.org/onlinedocs/gcc/Warning-Options.html#index-Wunused-variable-Wunused-variable]8;;[m[K]
[1.156s]    68 |   int [01;35m[Ktest[m[K = SoloUno::staticTesting();
[1.156s]       |       [01;35m[K^~~~[m[K
[4.168s] gmake[1]: *** [CMakeFiles/Makefile2:221: CMakeFiles/front_right_solo.dir/all] Error 2
[4.169s] gmake: *** [Makefile:146: all] Error 2
[4.170s] Invoked command in '/10march/SM-DSAP23-24/build/digital_architecture' returned '2': CMAKE_PREFIX_PATH=${CMAKE_PREFIX_PATH}:/opt/ros/humble /usr/bin/cmake --build /10march/SM-DSAP23-24/build/digital_architecture -- -j24 -l24
