In file included from [01m[K/opt/ros/humble/include/rclcpp/rclcpp/logging.hpp:24[m[K,
                 from [01m[K/opt/ros/humble/include/rclcpp/rclcpp/client.hpp:40[m[K,
                 from [01m[K/opt/ros/humble/include/rclcpp/rclcpp/callback_group.hpp:24[m[K,
                 from [01m[K/opt/ros/humble/include/rclcpp/rclcpp/any_executable.hpp:20[m[K,
                 from [01m[K/opt/ros/humble/include/rclcpp/rclcpp/memory_strategy.hpp:25[m[K,
                 from [01m[K/opt/ros/humble/include/rclcpp/rclcpp/memory_strategies.hpp:18[m[K,
                 from [01m[K/opt/ros/humble/include/rclcpp/rclcpp/executor_options.hpp:20[m[K,
                 from [01m[K/opt/ros/humble/include/rclcpp/rclcpp/executor.hpp:37[m[K,
                 from [01m[K/opt/ros/humble/include/rclcpp/rclcpp/executors/multi_threaded_executor.hpp:25[m[K,
                 from [01m[K/opt/ros/humble/include/rclcpp/rclcpp/executors.hpp:21[m[K,
                 from [01m[K/opt/ros/humble/include/rclcpp/rclcpp/rclcpp.hpp:155[m[K,
                 from [01m[K/home/sysmodel/13feb/SM-DSAP23-24/src/demo_leds/src/CentralController.cpp:8[m[K:
[01m[K/home/sysmodel/13feb/SM-DSAP23-24/src/demo_leds/src/CentralController.cpp:[m[K In member function â€˜[01m[Kvoid CentralController::timer_callback()[m[Kâ€™:
[01m[K/home/sysmodel/13feb/SM-DSAP23-24/src/demo_leds/src/CentralController.cpp:48:58:[m[K [01;31m[Kerror: [m[Kâ€˜[01m[Ktest[m[Kâ€™ was not declared in this scope
   48 |         RCLCPP_INFO(this->get_logger(), "testing: '%s'", [01;31m[Ktest[m[K().c_str());
      |                                                          [01;31m[K^~~~[m[K
gmake[2]: *** [CMakeFiles/central_controller.dir/build.make:76: CMakeFiles/central_controller.dir/src/CentralController.cpp.o] Error 1
gmake[1]: *** [CMakeFiles/Makefile2:169: CMakeFiles/central_controller.dir/all] Error 2
gmake: *** [Makefile:146: all] Error 2
